Name: AJ Keenan
Student ID: 2316808
E-mail: akeenan@chapman.edu
Class Name: CPSC 350 - Data Structures
Class Section: 2
Assignment 1



Program Set 1

Sum of DNA Sequence Lengths in File: 32
Mean of DNA Sequence Lengths in File: 6.400000
Variance of DNA Sequence Lengths in File: 0.640000
Standard Deviation of DNA Sequence Lengths in File: 0.800000
Probability of A in DNA Sequences: 0.250000
Probability of C in DNA Sequences: 0.250000
Probability of G in DNA Sequences: 0.250000
Probability of T in DNA Sequences: 0.250000
Probability of AA in DNA Sequences: 0.062500
Probability of AC in DNA Sequences: 0.062500
Probability of AG in DNA Sequences: 0.062500
Probability of AT in DNA Sequences: 0.062500
Probability of CA in DNA Sequences: 0.062500
Probability of CC in DNA Sequences: 0.062500
Probability of CG in DNA Sequences: 0.062500
Probability of CT in DNA Sequences: 0.062500
Probability of GA in DNA Sequences: 0.062500
Probability of GC in DNA Sequences: 0.062500
Probability of GG in DNA Sequences: 0.062500
Probability of GT in DNA Sequences: 0.062500
Probability of TA in DNA Sequences: 0.062500
Probability of TC in DNA Sequences: 0.062500
Probability of TG in DNA Sequences: 0.062500
Probability of TT in DNA Sequences: 0.062500


1000 New DNA Sequences:

GGGACG
CTCTGG
ATAAA
CAAGAT
CTTCGC
GCGCCG
GTAATGCA
AAGGGCT
TTTAC
TCTTCT
GGCAGC
TTGCGC
GCAGGA
CTCGCC
CTCAGA
GGGTCTC
TAATAG
AGATAA
TGTGAA
AACG
AAGAG
AGAAGT
CGGCTTC
TGCGT
TATGGG
TGGTCA
ATATAT
AATAT
CTTACT
CGCACTG
CCCTAT
TTTCATT
TAGTTC
CGTA
TTTCGCC
AGCACG
TATCGG
AGTCGG
TACGCCG
ATTAT
TAACA
CGGTGGC
TTCAA
CCCACG
TGCAG
ATCGC
TTGCGA
GGCA
ACGTAC
ACCTGAA
GTCATTT
CGCAT
TAGAA
CAGCCGC
ACGTGC
TATGTA
CACTA
CCCT
TGTGTC
TGTT
CTGTA
TATTTAAC
GACTGT
AATGTG
TGTTGA
GCTGGGT
GCGTTG
CTCAGG
CTTTTA
TTGT
TAGCTCA
CATTG
CGAAT
ATGTC
GGGGC
CGCGG
GGGCGG
TTTAC
GATGA
TTTTA
AACAG
GGACC
GACGCG
CGAGTT
CAATAAA
AACTGATA
CCAGT
CGGCGAT
TCGTCA
TTGCGC
TAAAAA
GGAG
TATCG
TTACTTA
ATCCTTC
CAGCTA
TCTTGC
TGTTGG
CAAACC
TCAACG
ATTAGGAC
ATTTGA
ACAGAT
GGAGGC
CTCTAA
TAGTA
CGGAA
ACACC
ACAGGTG
ATAGACT
TCGTG
CCAGCT
GTTTTT
AGTAA
GTATCA
CCACTGA
GACTT
TTGGGAT
GCAGA
CCTACG
GTCCC
AGCGTC
AATCA
CAGACA
CGTTAA
AGAGTT
GTCAG
CCTCTT
ACATC
ACTCCA
GGTCAC
TGCAC
GAGAGCC
TGGAA
GACAAG
CCCTG
GTAGC
GGAGG
GAGGTA
TCTATC
TTGTTCA
GACGCAT
TGAG
AGTGCT
AACGTC
CGAAAC
CTTCTTA
TTGAT
GACCTA
ACACGA
TTTAATG
CTCACGG
ACCCC
TGTTGG
CTTGT
GCTA
GCGATA
GCTG
GGTCAAA
TATGGT
TAAGGC
AGCGGT
AAACAC
CTTCCCT
TGCGAAA
AAAGGCG
GCTCGC
TCTGGCT
GCTAGTA
ACACGGT
TGCTT
CTGATA
TAGCAATC
TATATA
CCAAGC
TCGTCT
ATCTA
TAAGGA
CACTG
TCTTGAC
CCGAC
GGTTTT
GACTAA
TCTTTG
CCGTTTGC
AAACA
CTTTCCA
GCAGCC
GGAGATC
TTGTAA
TCAGCC
CTGGTC
CGTGCA
TCCTTT
GTAAG
CCGAAA
CTCCGC
GCATGT
TGAGGAT
CAGCGCG
ACAAA
CTAGGAT
CTCGTA
GGTCT
GTAGGC
AAAGATT
AGGGGC
AACGCC
TCGGTA
AGGGCC
AGCAAG
GCAATGA
GAGGA
GCACT
GTTGTCG
AACGATA
CACTG
CTAAC
ATGGGG
AATAAAC
TTACT
GCGGGA
TTTTTT
TTGGGA
GATATC
TACTAAC
ATCGTC
ACACT
TCCAGC
CGATG
GTACC
GATACG
ACTCCC
AAGAGG
TCTGGC
TAGGGT
ACCTGATG
AAAGTT
CGTGTAG
GCGGCC
AATACG
AAAGAA
TAGTGT
GCCCG
ATGAA
TACTGTG
TATAAA
ACATAC
AGCAGTTG
GTAGTTA
ACGGTA
ACAATAT
ACACG
AGTGAGT
TAGTA
TCAATT
GATAGT
CTGTTTG
ATGAGT
TTTCC
TGATT
AACTTG
ACGGC
AGCGCT
GGTGCC
CCTGG
ATTA
GAAT
AACG
CGGGAGA
GCGAT
TATTC
TGAGAG
CTCATA
TATTAA
GCCCTA
GTAAT
GCGAGG
TTTAT
CTTTAAG
TCTTG
GTGA
CGCATT
AAATGC
GCCCAGA
AAGAGT
ATCGC
TGTTCT
ACTACG
GGGGG
TTAGC
CATGT
GACATTT
GCAT
CGCGGC
ATTTT
GGTCACG
ACAAAT
CCCCGGG
CCGTGG
ACAAA
TACTTCA
TTCCCA
TTCTCT
ACTCCT
GTAATC
GCCCTAC
TGACAT
AGGGG
CTGAG
GCTCGTT
CACGCG
ACGG
TTGTTG
TGTATC
TAAAGC
TAGCGAT
TACCT
CGCGA
GAGGGC
GGACGAA
GTCCAT
TGCTG
GCAGTA
GAAGCCC
GTCGAG
TTCCGG
GAGAA
CGGTA
AGCTGT
CAGT
CGGCA
ATCCCCA
GTTAA
TTGGC
AACAC
GTTC
GATCGCG
CTAGTGA
CATTTAT
CAGTG
AGCAGGC
AGGC
GAACGCA
CCGGA
CTCCTCT
GACAATG
CAACTA
ATAGGC
GATCC
CCCTACG
AGGTAG
CCACG
TGAAAA
CGACC
GGAGTCT
ACCCCAA
AACCCGG
CTAT
GTTA
TCGAGA
ACAATT
CGTTT
ATAGA
TGCCGC
ATACTG
CAAGGGC
ACTACG
AAATT
AAATGGG
GAATT
TTCGAA
CTCGA
CCTGCT
GTAACT
CGTCA
CATTAG
ACCAGAG
TGCGTT
TTCTTA
GTGTTT
ATAA
CGTTG
AAGGCC
CACGGA
TTCCT
CATAT
GTCGC
TTTTATT
GTTCGAAT
CTGG
CATTAG
CAGATG
TTATTAC
TGGCTT
ACAATG
TTATT
AGGGGA
GGGATTGT
TGTCTCA
TTCGGAT
GGGGGG
CGACGTA
GGAG
TTCCTA
ACTGAT
ATGCCC
TCGT
AGGTCT
AAGGGAT
TTTAAA
TAGAC
AGATCAA
ACAA
GTTCTT
TACCC
TGAGC
CGGCC
CACGTGC
TTCAATT
CGATC
CGTTAAAA
TCCTTA
ATGGA
GCGACG
TACTA
AACC
TACGTA
CTTGT
TATAAA
TGCTC
CCTGAC
GCCTAG
CCATT
GGACT
AGTGT
CCAGGT
GCCCTG
AAGACT
GAATT
ACGGCC
CCCGGCG
AGTCCGG
AGGATG
GGGTG
CGGGGT
TTCGTC
TACTTC
AGGGTGGA
GGCAGAG
CTCAAC
AAGAAT
CAGTATC
TGACAAT
GGGCTA
CTACG
GATCT
ACGTC
ATAATTG
CAGTC
GCCTG
CACCTT
TAGTT
CTGCC
GCGCTC
CTGTGCC
GCATAT
CGGTAGT
GCAGAC
ACCCTT
TAGCAC
ACAGGG
CTTCAA
CTTGAA
AGCAAA
CCCCCA
GGAGAC
GGCGGC
AGACGC
GAGACA
AGAAAC
AAGACC
CATCTCG
GCGGA
AGAAAGG
GCAACT
AGCTG
TAGTC
CTGCTT
CACTCG
TCGGGG
CTGGGC
GATTG
CCGGGT
ACTGCC
GGGTG
ACCGG
TTCCTA
AAATATA
ATGGC
TTCTTTT
ACGCCCC
AGACC
GGACGAG
CACGA
TCC
TGCTTT
TCTCTG
GGCAAT
AAGTTA
GTTCCT
AGCTGG
TGGGT
GCACGAT
CTCTCTTC
ACG
TCACG
TTCGTT
TGCAC
AACAAG
ACGATT
CATCT
AGTCAA
CCCCCCA
TGCACGC
GACAGT
AAGAAAC
GATGC
GCATTG
GGCGT
TTCTG
CAGT
GGCTAC
AGAGG
TACAGT
AAAAAT
TTACGT
TTTTTC
TTCCC
CAATAGT
CATATCT
CGTGC
GATACTT
CGTGGG
TCGGAA
ATACCCA
CAGGT
CCCCCT
GAGGCG
CCTGG
AACGAAT
AGGCC
CTCCG
CTAGCA
AACACC
AGGACA
TAAGAC
GTCCT
GCTGTA
CTCCAT
AGCAATG
CGGAA
TGTCAC
ACGCGTC
TCTCAA
AGTCACG
CCTATTC
CACC
GCCGC
TAGGCC
CAGGAC
GTGAAC
AGCAC
GGCGAT
AGCAAG
GCTGTA
CTACA
GGCGAA
ACACC
AGTTGAG
AAGTA
ATGGTA
CGTTA
AGCGTT
CGCCTC
TGCCTC
TTGCGTC
TGACTCT
GCAATT
AGCAGA
CTCTTG
GTCAC
CCGTAT
GTCGCC
GTTTACA
GCCACCC
AGGGGG
GGTTA
TACA
CGTTGGA
CTTCC
TGGT
TGGAG
ATCGAA
ACGTGCG
GATGTA
ACCG
AAAGC
CCAAGA
TCTTA
CACCC
AACAC
TAGACG
CGAGCTA
CAATTG
AAGCCC
AGGAACT
CCGCCT
GCATAG
TATAAA
ACACAG
ATATA
AAAGCG
CGCTG
ATAAG
TGAAG
TTCGGA
GGATAT
CTCTT
TGTGGT
CATA
CTTCTC
GCTCT
GATGGC
GGGAC
ACGGTCA
GTAACC
CTAAGTT
CATCAGG
CCTTGCC
TCTGGA
ACTAGG
ACCGCAC
ATACGT
CTACCAT
TTTTAT
TATGGCA
CCCCT
GGCG
TAGAT
TGCGTC
CATGTG
CCGCTG
TGGTCAT
GGTCCT
ATAGGC
CTGCC
CGTGGA
ATCCAG
AGGGTA
CGTTCC
AATAC
CGCG
AGCGTCT
CATGGA
GCTCCG
CTGCGC
GAAAT
AACGAC
CCATGAC
ACAGG
TTTGC
CGAAAT
GTGTTA
GACGACCT
CGCATT
GACCTCG
TGGTTG
GCTTCTG
GGGGTT
GTAGCA
GAGG
GTGCGTA
AACATA
ATTAAGT
TGTGAC
GAGAC
CGAG
CAGACGG
TCGCAA
CTGATA
TTACTA
GAAGAA
TTAGGG
TAAAA
GCAAACA
CAACAGA
CCCAT
GTGGT
GAGGCA
CGGGAG
CCAGTG
TGCTCT
TCAACA
GGGGTG
CTTATG
GGTC
TAAGCT
TGACGTC
TAATT
GAACCTC
CGAATC
CGAAC
GGGTC
CAATCG
TCATTTA
TACTCG
TAAAAA
CATAA
TGCATC
GTATAG
TGTGAT
GCGACT
TAACTC
GAAGAG
GGTGTG
CATTGC
CTGGA
GATGCTA
AGTGGG
AAGG
CGACG
CATAAG
ACCAGC
TAGGAT
AGTCGG
ACAACG
CGTAA
GGATGT
GGACTA
ACGAGTC
CAACGC
CTGACC
CAGCCCT
TTGAGG
GGGA
TTTTAGC
TAGAT
GACTCC
TCTCTT
CGTTTA
GCGGGA
CACTTT
GATT
TATAGA
AAAAAG
TTGGAT
TTGCA
TGTGT
CACCACC
AAAA
TGACTT
TAACG
AGCTC
GAAAAA
TGCGAA
CGGCC
TGAATT
CATTCT
ATAAGA
TCCAT
CAACTGC
CTGTATC
CCGTT
ATAGT
GTGCC
TCGCAGG
AGTAT
TCAGC
TTGCAAC
GACGAC
CCACG
TGACAA
GTAGGT
CCACTC
GAACGCC
CATTG
CCACA
TTCGC
CTACGA
TCTTGAC
GTTAGG
TTCGCA
ATTATG
TCGTTA
TTTCTGG
AATACT
CTGA
TTTCAT
CAAGT
TCTGAGA
AGGGA
GGCAAG
CTGAA
GCATCA
CGGAGA
GAAGAA
CATCA
GGAT
CATCATC
AGAAGA
ATCTGT
TAAAAT
AGCGC
CCGTC
GACCGA
ATACTCG
AAGGCC
TCCAT
TCATTG
CTCAGA
ATCAA
GCACCT
CGCGC
ATACGA
TGGAG
TACTCG
ATCCCG
ACGTAA
GACAAC
CCCTCTC
GGTTT
GCCAT
CTTCG
TCGGAAT
GATTG
TATGA
TTACAG
TTCTTC
AAAGGA
TCCCTT
AGTCGG
CAGATA
CCTACG
CCCGGA
AGCGTC
CAAAC
TTCTGC
TGATGC
CTTCAG
AGCAA
GCCTAT
CAAGGTT
ACACCG
TATGGT
AACGA
ATGA
AATTCA
GCGAATG
AGCTT
TTGT
AGCTTGG
TTGTT
CGGAA
TCTCAA
AATGTCT
CTCACGT
TGGGGC
TCCGTT
CTTATAT
TTCCCA
GTACGCA
GAAGC
GTAGA
GGGAAG
GGCCGGC
CCTCTC
AGCCAG
TCATTC
GGATC
TTGAA
TCTATG
GTCGCG
ACGCA
CGCCGT
CACCT
TAGGA
TAGAGA
GTGCGTA
CTGGA
GCCTTT
TACTAC
GCCG
CTAGTA
CGATTT
GGGACG
ATCTTT
CAGGAA
GGATT
TACGCC
CAGGT
TGACTC
GCAGA
CACGG
CACTGA
ATCCAG
CCACC
TTCACCG
GGAGA
CATTA
GGTG
GCTTTT
TCTCAG
ATCAA
TAACTAG
AATG
GCTTGGC
CGTCGT
TGACAG
GATGAGGT
CTTTT
CTCGCGT
GCGGCT
TCGCGT
ACAGCC
GGAGTT
GTTCCTC
ACGGAA
ATGTGGT
TCTCGT
GCAACAC
AAAATC
ATCTAT
CTCGTT
TGTTAC
CGCAA
ACAGTTA
GTGTAT
CCTTGA
GAAAAGC
ACTCTC
AGAT
AATTGT
TTCT
GCAATT
AAAAA
GCGGGT
AGCGCA
AGTAC
TCGTCG
TCCTAAC
CAGTAC
AGCTAA
ATGGTCT
AATCGGT
CAATCC
AGGAC
CGTTCC
TAGTA
GGGAC
GGTGTTA
CCAGT
GACTT
CCGA
AGCGC
AAGTTC
GAGGC
GGTAA
TACTT
TTAGTTT
AGCGTTA
AGGATA
CCATCG
GGCCGT
ACCTC
TCAGG
CTATAT
ACACT
GTACAGTC
GCATTT
GTCCGTT
GGGGGT
TGGAAAG
TAGT
ATAAAT
TAGCGT
CCGC
CAAGCG
TTCTT
GTGGT
AGGCCG
TCAGCC
ACCCAG
TCCTGT
CCCGAC
TGGGCT
AATCGC
GAATTT
AAGCC
ACAAT



Program Set 2

Sum of DNA Sequence Lengths in File: 5872
Mean of DNA Sequence Lengths in File: 5.842786
Variance of DNA Sequence Lengths in File: 0.725534
Standard Deviation of DNA Sequence Lengths in File: 0.851783
Probability of A in DNA Sequences: 0.272309
Probability of C in DNA Sequences: 0.266008
Probability of G in DNA Sequences: 0.268903
Probability of T in DNA Sequences: 0.270095
Probability of AA in DNA Sequences: 0.066077
Probability of AC in DNA Sequences: 0.063547
Probability of AG in DNA Sequences: 0.068922
Probability of AT in DNA Sequences: 0.053746
Probability of CA in DNA Sequences: 0.061018
Probability of CC in DNA Sequences: 0.057224
Probability of CG in DNA Sequences: 0.064812
Probability of CT in DNA Sequences: 0.065128
Probability of GA in DNA Sequences: 0.064496
Probability of GC in DNA Sequences: 0.061018
Probability of GG in DNA Sequences: 0.062599
Probability of GT in DNA Sequences: 0.057540
Probability of TA in DNA Sequences: 0.061650
Probability of TC in DNA Sequences: 0.063863
Probability of TG in DNA Sequences: 0.057224
Probability of TT in DNA Sequences: 0.071135


1000 New DNA Sequences:

GTGTA
GAGGC
AATAA
CAGTT
CTTCCC
AACCGC
ATCGG
CGTC
CCTG
CCGGCG
TGTGA
GCTCT
AACC
CCGGT
ATCAC
AAGTAA
AGCAA
TTGAT
CTGGGG
TCCTGC
TGAAGC
GTTAAC
ATCATC
GCGTTT
CATCCC
ATTAAC
AGAG
CATA
GGGCAC
AAAATT
AGTCG
CATCTG
GCAC
CCTCC
CATC
GGCAAC
AGACTT
CGCT
AAGCA
AATAC
GTAACC
AGCC
ACTATC
ATGAA
ACTGTG
CTCC
CTGTCA
GAGCG
AGTTCC
GCTCT
TCACAC
CCCCG
CTCA
TTACA
GAACCC
TTAAAT
AACTC
AACCT
TCCT
ATTGC
CCTCC
AGCAA
TCAGG
TCAT
TCCTGT
AGCCG
ATATGC
GTTCT
CAGTT
AACGCT
AGGCTG
TTGCAT
ATCTC
TCCTGAC
CAGAGT
CAGCTT
CCCTCC
GGTAC
TATTGC
TACATA
CTTAAA
ACTAT
CCCAC
ACAC
TGAGC
CATAAGT
AAATC
ACACT
TATGA
CTGGTG
ACGATC
TTCTG
GTTTCGT
CAAAGA
TCAA
GTCCAA
AGATC
TATTCTT
TGGG
TACGCT
AATCTA
TTT
CTTTCT
TATT
AATT
CTCCA
TGAGC
GAGCCT
CATC
ATGCC
CTTAT
GTCGG
AAAC
ATTCT
ATCTA
AGAAGT
TAAGA
CTAAA
CTGAA
CGCC
AGCATC
TCTGA
CCTGATG
AGAT
ACACC
TACAG
TCTA
CGTGA
CAATC
GACGG
ACGC
ACTTGT
TATAA
TCCTTT
CGTG
ACCCAAC
CCCG
GGCCC
ACCCCA
ACTCG
CCTTT
ATCAAT
TCCAG
CCATATT
GAGCGA
TCATAC
GAAGA
CCGCAC
CCATA
AGCATT
TTCTC
TTCTA
CTCG
ATAC
TAGA
GTACG
TATGTTC
CTACCAT
CATTCA
AGGAG
TTGC
CCGTTCG
TGCA
AACCG
GGTTC
CTCTC
TGAACA
TGTTC
TCTTAA
ACCCAG
TCTTT
CCAAAC
ACTTCGTA
TCATGGC
GGCAAT
GCAGTTT
TACT
CTTA
CGGAA
GATGCTG
TTCAGT
GCTCCAC
CGACCA
GGTGA
TATTAT
ATCCGT
AAACC
CATGGT
CGAAA
GTTAA
CAAT
ACCCT
TTAGGGA
TGGCCATG
ACGCAA
CCCGGA
AGGGGT
ACGGAA
CAGTAT
ACCACC
AGCATC
TTGGGA
AAGC
GGCCGT
AAGTAC
CGGAGTA
CCGTAT
AAATA
CGTTCGTT
TTAAT
AAACTT
GCTAC
CCGT
AGAGCA
CCCCCTC
AATTAAA
TAGT
TGAAAA
CTATA
CCGGA
CCCATCG
CATCC
GAAGAC
TTGTG
CCACGT
CTTAA
GTAATA
ACTGA
GGAAC
TTAAAA
ACGA
CACCC
CTACCAC
ACGAT
ACTCCT
GGCCCT
ATATT
ATTA
ACATGT
CGTCCG
CCAG
TGAGC
CGATA
TTAAT
ACGA
CGTACT
ATACTA
GCCCCC
TACCCC
ATTTA
CTATA
TAGAT
TCGGT
AAGA
GGTTA
TACCAT
ATCGG
TTATG
CGTCCC
CATT
AGGCC
CTCGA
ATCT
GGACC
AAAGC
TTAAGT
TGCGC
ATAGG
CCCTT
TATCC
GAATAT
CTTGA
TGAGC
GTCAA
AGAAA
TCGGAT
ACTGTT
CAGTC
TAAGCA
GATTAA
AAGA
CAGTG
ATTAG
ACAGC
TGATA
AGATA
GTAACT
CTCTGC
ATTACT
TCC
CTCAT
CTGG
TCTT
CTGGCC
GACCTGT
ACAGAG
CTAAG
TTCGG
GCCAA
GTAAT
TCAAAA
GTTCGC
CCC
CGCCT
CTAGA
AAAAA
CCAGC
GATC
TCTAGCA
CTCTGT
AAGA
TCATGCT
ATAGACT
CACCT
TATGAG
ACCCG
ACGA
TGAA
TTCCCT
TGGAACT
AACC
GAAGCC
GCCATA
GAGAAA
TTGGA
AACACT
TCTTAGA
AATCC
AAAGC
CGCTAA
TGAC
CCTTTCA
AAGAAA
TTTCGGT
TTAG
ATAGGA
CACTCT
CCCT
CGTAT
CACGC
TATGC
TGAAAC
TTCTC
AGTCA
CCCTG
GTTTG
ACAGACT
TTAA
TGTAAC
CGCATA
CTTCG
CCCAT
GCATC
CGTA
GAATT
GTTTAA
TGCTAT
GTGT
GCGA
TCGCA
CTCT
GACT
CCGAT
AGATCGC
CGTGT
AACACG
CAATGA
AGGCG
CTTGCC
CTATA
CTTTAT
GGGTCG
ATAGACT
AATCCA
GTATC
CGCGGC
GCGAG
TTCC
CGTACT
GCATGA
ACAT
CTAAC
CATA
CTGCC
AACGA
CCTCT
TTAAG
ACTTG
CGCTA
CTGTGC
GTACGA
ATTT
CAGACT
ATGGC
CACAC
TCTTGCC
GAGATC
TATTC
GTTAA
GGAT
AGAGAA
TCCACG
CAGGTA
CGGCCTG
ACTAC
GGGCG
AGAACA
TGCACA
GACTAG
TGGGTG
TCGAC
AGACAC
ACCTT
TATTA
ACAT
ACAAA
CTGTT
CGCCC
ACTC
TAAGC
TTAAG
CCATG
CTCCTT
CGTTGCG
CGTCG
CTTAT
GACCT
GCACAA
CCCCG
ACTGGTT
TTAAC
CTCTTT
GAACA
CCCCCA
TTTGTA
CTCACA
AAACA
CTATA
GAATG
GGATAC
CGCCGT
TGGT
ACGAC
CCAA
CGTTA
CCTGT
CGTCAG
CGCT
GTAAC
TAGAT
CTGG
CTCTA
CCGGA
CAGC
CGTGG
GGCCAA
ATCCAA
GTGG
TCTC
CCACA
ACTAC
ACTCT
TCCTA
CAGGTG
CAGTT
ACCCATA
TGACG
CCTCGT
GTTTC
CGCT
GCACAC
CTCGCTG
CATAGA
CCC
TGCGCTA
TAATT
TAGGGA
TTCGA
AATG
AGGTA
TGTCATA
GGATAA
AGTTTC
CGCCGT
CCAAT
TTGAGG
AGATTT
ACACC
CAACA
TCATTA
TCCT
CGTCCT
TTATGT
ATACAT
AGATT
AAGC
CCAGT
CTCCAT
AAATA
GTCGG
CTGGGG
TGCAA
GGGAA
CTAA
ACCCAC
AGTT
GGTCG
ATGC
CAGTAA
CCACTG
TAATTT
ATGA
TCGTAA
GATGCA
TCTTAC
TTCCT
CGAA
AAAATA
GACCG
ATCTAT
ACCGCT
TGGTTA
ATTT
ATCTC
CTCTA
TAACA
TATAAAG
TGCAC
TATAG
ATCAAC
ACGAT
CGTCC
GGCATT
GAACCC
TGACAT
ATTC
AGTTGA
TGAGATA
TGCAAAT
CGCACCA
GAAGTAAT
TCACC
CTCC
AAGTC
TTGTTT
CAGACA
TGAAA
GTGTC
AGCAT
CAACGA
TTCCT
ACTGC
TGTCA
ACCCC
TTCAA
GCCAGG
ACGAGCA
CATTT
AGCCA
ATCAT
GTTTT
GCCC
AGAAA
TCGTCT
CAAAGT
CACTCT
TACGCT
ACCTG
ATCC
CGC
AGGA
CTCTCT
AAGAC
ACTTTA
TTATC
GTTCC
ACAACCT
TACC
GTCTT
GGGTCCA
AGTA
GTCTTT
CGGGCC
CGCACT
AATTCG
CAGC
TAGTA
GTTTC
ATGA
GACCC
CCCAGT
TCTCAA
TCTCC
ATACA
TGTAA
CCATG
AGTG
CTGCTT
TCTC
CCAATC
CTTCTA
ATCAA
TACGTG
CTACC
GTAC
CTTTA
AATGAA
GATATG
CATAC
ATGGCA
AGGAAGG
ATATCT
TCTAC
AGACGAT
CCACCG
CAAGGT
ACTTC
CAACAG
CGCT
GCGACT
CCCGAG
TTCG
TTGACA
TTACTT
GTAACA
CTTTCT
CAAGC
GTTCCC
AAA
CCCTA
CGTTCG
CGGATTT
GACACG
AGCAG
GCCAC
TCCG
CAACCTC
ACTAT
CTGGAGC
AATA
CCAGGT
ATGG
GTGTC
CACGA
ATCTG
TCACT
TCTCG
CAAG
GCGCT
CTCAC
TCGTGA
ATCTG
AGCTG
TTGAAG
AAC
ACATTT
TTGTTCC
GAAT
TTCGG
TGCG
TCCC
ATTCAGC
ACAGA
AAGGG
CCCGG
ATTTA
TGCTC
TACGC
CTCTA
ACTAA
CGCGG
CTAGGT
GCTTG
TAAGG
AACGTA
GACAAA
CTAAC
CTTTTT
TGATC
AACCC
AAAG
CTGT
CGAATT
ACATCA
TCATTA
CTTA
GGGGG
TAGAA
CCAA
TTCAGGG
CTGAC
GCGACGA
TCTTCG
CCAA
CTCCG
AGTGGAG
CGCGT
GGACG
TTCGA
CCGAC
AACTAT
CATCA
CGTACTA
CCCTTA
CACCT
AACCCT
CCGTA
TTGAAT
TTAAG
GAACT
AACTA
ATAGCC
TATAAGA
GGGACA
CCCCCG
ATTTT
TCCTC
ACTGC
TGTAAAC
CCCAAG
TATCCA
CCTGTT
CTTC
ATACTA
CATA
ACTC
CCAGGC
GCAA
TTCAAGA
TTAAC
GGC
CCATAT
TGTCC
CGAATG
CTGAT
CTCT
AGTGG
CATT
GTTATG
ACTAGC
TGTTC
GGGAT
CCGG
GCGG
GTAAAG
TTAACA
TTTGAC
ATAATA
GGTGT
CCGCT
ACCTCC
AAACCT
ACG
TCGAG
TTATA
TTTGG
CACTAC
ACGTCGT
ATCGTT
CGACT
GTCAAC
GAAAA
CGGTT
GATTC
CTCAAT
GCCATT
GCAGATT
TCCAC
ACCAGT
AAGTT
TCACCT
CGCTGTT
AGAAC
CGGAT
ACATGGG
GAATGT
GGGGCT
TTGATG
GATGA
GTAT
GTTTC
ACG
TGTTCT
CCTGT
TCCTC
ATTATAA
TCGC
ATATCA
TGTCCG
AGCAT
CTGG
TCCCC
CAGAGT
TGAT
TTAGGG
TATGTA
TTGTT
AAGACC
ATGACT
AAGAGGC
GCCTA
CTATA
ACCCAA
CCCCC
GAGCC
CTAGT
TCCATT
ACACGT
CGAACTT
AGAGTAC
CGATTA
TGCTAT
GGAT
GTCTC
TAC
AACA
ACTCAATG
CTCCC
TCACC
CTGGT
GACAAT
TGCCA
GTCAT
CTAGCG
TCCA
TCCC
TCTCC
TATAC
CTGGG
ATGT
AGTA
TACA
ATCTGCA
ATACG
TCTTAA
ACGTT
GTATTT
ATGC
CAATGG
TTACTG
GTCAAG
AGCAC
TTGCC
CTATATT
CTTCGT
GACGTT
CTCGT
CTATC
GAATTA
GAACA
GGCT
CAATT
AAGACA
AAGAC
TCCCCG
CCTCAC
TTCGA
ATGGT
AGATC
CAAG
ACCTAA
ACTAAC
TGGCAC
GCGAAT
GAAGA
CTTCTA
TCAA
GACA
CTAGTA
CACTTA
ATTTAT
AGGTAG
TCCACC
CACAC
CCGA
GCTG
AACTTT
ACTGGG
AGCCC
GTCACA
ACCGA
AACTA
CCTCT
GCTTGT
AGCTCAT
TCTCT
ACCTGC
GGCTT
TCAAT
ATTTA
AAATCG
AAGAT
ACCTC
GTCCCG
AGTCC
GACAA
TAGGT
CGCC
GCCCC
GGTA
CATGGC
CGCTCC
TGTACA
CCTGT
ATCGT
CAAGGC
AGTTA
TGAACA
TGTATA
TGGCGC
CCCAT
ATAC
AAAATA
ATCATG
CTTGATC
TCAACC
CCATC
ACGGCG
CCTTAA
GTAA
CTAGGG
TCTT
CATGT
GTTA
ATTG
AACGCC
AACGC
CCATA
CAAT
CTACT
AAGAA
ACATTC
TCGGC
ATGTGC
TTTTT
AGAATG
CATC
ACAACTG
TCGCAC
TGTGTT
GTTAT
ATCC
CTAGC
GTTTT
AGGGG
AGATA
TATGT
AATGT
ACGCCT
AGAGG
TGTTCC
ACCT
TGCA
CCGTC
CTTCCC
GCTATGT
TAAGC
TATCTC
ATTTATT
CAGCTAT
TCTC
TTTCGTT
AGCGTT
TAATCT
CCAGCT
AAGGT
TGGTCC
AGTTAC
GAAGC
CGCCG
AGCACG
CTCG
CGCAA
TACGA
AGTCTA
ATTC
ATCCC
TCTAC
TGCTGAA
CGCA
TCTA
TTGAGC
CCACT
GGTACT
AAACG
AGGG
CCGTGA
TCTTAT
ATTCGA
CAAAAC
GGAGGA
CACCG
AAGC
TCCGTT
CAACCGA
GGCC
TCCG
GCCAT
AATTC
TTCAG



